[31-Jul-2018 15:45:17 UTC] PHP Warning:  include(dbConnection.php): failed to open stream: No such file or directory in /home/ubuntu/workspace/cst336/labs/pets/api/getPetInfo.php on line 3
[31-Jul-2018 15:45:17 UTC] PHP Stack trace:
[31-Jul-2018 15:45:17 UTC] PHP   1. {main}() /home/ubuntu/workspace/cst336/labs/pets/api/getPetInfo.php:0
[31-Jul-2018 15:45:17 UTC] PHP Warning:  include(): Failed opening 'dbConnection.php' for inclusion (include_path='.:/usr/share/php:/usr/share/pear') in /home/ubuntu/workspace/cst336/labs/pets/api/getPetInfo.php on line 3
[31-Jul-2018 15:45:17 UTC] PHP Stack trace:
[31-Jul-2018 15:45:17 UTC] PHP   1. {main}() /home/ubuntu/workspace/cst336/labs/pets/api/getPetInfo.php:0
[31-Jul-2018 15:45:17 UTC] PHP Fatal error:  Call to undefined function getDatabaseConnection() in /home/ubuntu/workspace/cst336/labs/pets/api/getPetInfo.php on line 4
[31-Jul-2018 15:45:17 UTC] PHP Stack trace:
[31-Jul-2018 15:45:17 UTC] PHP   1. {main}() /home/ubuntu/workspace/cst336/labs/pets/api/getPetInfo.php:0
[31-Jul-2018 15:45:48 UTC] PHP Warning:  include(.../dbConnection.php): failed to open stream: No such file or directory in /home/ubuntu/workspace/cst336/labs/pets/api/getPetInfo.php on line 3
[31-Jul-2018 15:45:48 UTC] PHP Stack trace:
[31-Jul-2018 15:45:48 UTC] PHP   1. {main}() /home/ubuntu/workspace/cst336/labs/pets/api/getPetInfo.php:0
[31-Jul-2018 15:45:48 UTC] PHP Warning:  include(): Failed opening '.../dbConnection.php' for inclusion (include_path='.:/usr/share/php:/usr/share/pear') in /home/ubuntu/workspace/cst336/labs/pets/api/getPetInfo.php on line 3
[31-Jul-2018 15:45:48 UTC] PHP Stack trace:
[31-Jul-2018 15:45:48 UTC] PHP   1. {main}() /home/ubuntu/workspace/cst336/labs/pets/api/getPetInfo.php:0
[31-Jul-2018 15:45:48 UTC] PHP Fatal error:  Call to undefined function getDatabaseConnection() in /home/ubuntu/workspace/cst336/labs/pets/api/getPetInfo.php on line 4
[31-Jul-2018 15:45:48 UTC] PHP Stack trace:
[31-Jul-2018 15:45:48 UTC] PHP   1. {main}() /home/ubuntu/workspace/cst336/labs/pets/api/getPetInfo.php:0
[31-Jul-2018 15:45:55 UTC] PHP Fatal error:  Call to a member function prepare() on a non-object in /home/ubuntu/workspace/cst336/labs/pets/api/getPetInfo.php on line 9
[31-Jul-2018 15:45:55 UTC] PHP Stack trace:
[31-Jul-2018 15:45:55 UTC] PHP   1. {main}() /home/ubuntu/workspace/cst336/labs/pets/api/getPetInfo.php:0
[31-Jul-2018 15:47:08 UTC] PHP Fatal error:  Call to a member function prepare() on a non-object in /home/ubuntu/workspace/cst336/labs/pets/api/getPetInfo.php on line 9
[31-Jul-2018 15:47:08 UTC] PHP Stack trace:
[31-Jul-2018 15:47:08 UTC] PHP   1. {main}() /home/ubuntu/workspace/cst336/labs/pets/api/getPetInfo.php:0
[31-Jul-2018 15:47:22 UTC] PHP Fatal error:  Call to a member function prepare() on a non-object in /home/ubuntu/workspace/cst336/labs/pets/api/getPetInfo.php on line 9
[31-Jul-2018 15:47:22 UTC] PHP Stack trace:
[31-Jul-2018 15:47:22 UTC] PHP   1. {main}() /home/ubuntu/workspace/cst336/labs/pets/api/getPetInfo.php:0
[31-Jul-2018 15:47:50 UTC] PHP Fatal error:  Call to a member function prepare() on a non-object in /home/ubuntu/workspace/cst336/labs/pets/api/getPetInfo.php on line 9
[31-Jul-2018 15:47:50 UTC] PHP Stack trace:
[31-Jul-2018 15:47:50 UTC] PHP   1. {main}() /home/ubuntu/workspace/cst336/labs/pets/api/getPetInfo.php:0
[31-Jul-2018 15:52:33 UTC] PHP Fatal error:  Call to a member function prepare() on a non-object in /home/ubuntu/workspace/cst336/labs/pets/api/getPetInfo.php on line 9
[31-Jul-2018 15:52:33 UTC] PHP Stack trace:
[31-Jul-2018 15:52:33 UTC] PHP   1. {main}() /home/ubuntu/workspace/cst336/labs/pets/api/getPetInfo.php:0
[31-Jul-2018 15:52:42 UTC] PHP Fatal error:  Call to a member function prepare() on a non-object in /home/ubuntu/workspace/cst336/labs/pets/api/getPetInfo.php on line 9
[31-Jul-2018 15:52:42 UTC] PHP Stack trace:
[31-Jul-2018 15:52:42 UTC] PHP   1. {main}() /home/ubuntu/workspace/cst336/labs/pets/api/getPetInfo.php:0
