[03-Aug-2018 20:00:18 UTC] PHP Fatal error:  Uncaught exception 'PDOException' with message 'SQLSTATE[42S02]: Base table or view not found: 1146 Table 'quiz.score' doesn't exist' in /home/ubuntu/workspace/cst336/final/practice/csumb_quiz/submitScores.php:24
Stack trace:
#0 /home/ubuntu/workspace/cst336/final/practice/csumb_quiz/submitScores.php(24): PDOStatement->execute(Array)
#1 {main}
  thrown in /home/ubuntu/workspace/cst336/final/practice/csumb_quiz/submitScores.php on line 24
[03-Aug-2018 20:00:33 UTC] PHP Fatal error:  Uncaught exception 'PDOException' with message 'SQLSTATE[42S02]: Base table or view not found: 1146 Table 'quiz.score' doesn't exist' in /home/ubuntu/workspace/cst336/final/practice/csumb_quiz/submitScores.php:24
Stack trace:
#0 /home/ubuntu/workspace/cst336/final/practice/csumb_quiz/submitScores.php(24): PDOStatement->execute(Array)
#1 {main}
  thrown in /home/ubuntu/workspace/cst336/final/practice/csumb_quiz/submitScores.php on line 24
[03-Aug-2018 20:01:38 UTC] PHP Fatal error:  Uncaught exception 'PDOException' with message 'SQLSTATE[42S02]: Base table or view not found: 1146 Table 'quiz.score' doesn't exist' in /home/ubuntu/workspace/cst336/final/practice/csumb_quiz/submitScores.php:24
Stack trace:
#0 /home/ubuntu/workspace/cst336/final/practice/csumb_quiz/submitScores.php(24): PDOStatement->execute(Array)
#1 {main}
  thrown in /home/ubuntu/workspace/cst336/final/practice/csumb_quiz/submitScores.php on line 24
[03-Aug-2018 20:01:47 UTC] PHP Fatal error:  Uncaught exception 'PDOException' with message 'SQLSTATE[42S02]: Base table or view not found: 1146 Table 'quiz.score' doesn't exist' in /home/ubuntu/workspace/cst336/final/practice/csumb_quiz/submitScores.php:24
Stack trace:
#0 /home/ubuntu/workspace/cst336/final/practice/csumb_quiz/submitScores.php(24): PDOStatement->execute(Array)
#1 {main}
  thrown in /home/ubuntu/workspace/cst336/final/practice/csumb_quiz/submitScores.php on line 24
