[09-Jul-2018 21:45:45 UTC] PHP Fatal error:  Uncaught exception 'PDOException' with message 'SQLSTATE[42S02]: Base table or view not found: 1146 Table 'ottermart.om_products' doesn't exist' in /home/ubuntu/workspace/cst336/labs/lab5/index.php:61
Stack trace:
#0 /home/ubuntu/workspace/cst336/labs/lab5/index.php(61): PDOStatement->execute(NULL)
#1 /home/ubuntu/workspace/cst336/labs/lab5/index.php(123): displaySearchResults()
#2 {main}
  thrown in /home/ubuntu/workspace/cst336/labs/lab5/index.php on line 61
[09-Jul-2018 21:49:11 UTC] PHP Fatal error:  Uncaught exception 'PDOException' with message 'SQLSTATE[42000]: Syntax error or access violation: 1064 You have an error in your SQL syntax; check the manual that corresponds to your MySQL server version for the right syntax to use near 'catId = '5'' at line 1' in /home/ubuntu/workspace/cst336/labs/lab5/index.php:61
Stack trace:
#0 /home/ubuntu/workspace/cst336/labs/lab5/index.php(61): PDOStatement->execute(Array)
#1 /home/ubuntu/workspace/cst336/labs/lab5/index.php(123): displaySearchResults()
#2 {main}
  thrown in /home/ubuntu/workspace/cst336/labs/lab5/index.php on line 61
[09-Jul-2018 22:21:05 UTC] PHP Fatal error:  Uncaught exception 'PDOException' with message 'SQLSTATE[HY093]: Invalid parameter number: parameter was not defined' in /home/ubuntu/workspace/cst336/labs/lab5/index.php:62
Stack trace:
#0 /home/ubuntu/workspace/cst336/labs/lab5/index.php(62): PDOStatement->execute(Array)
#1 /home/ubuntu/workspace/cst336/labs/lab5/index.php(124): displaySearchResults()
#2 {main}
  thrown in /home/ubuntu/workspace/cst336/labs/lab5/index.php on line 62
[09-Jul-2018 22:23:25 UTC] PHP Parse error:  syntax error, unexpected end of file in /home/ubuntu/workspace/cst336/labs/lab5/index.php on line 137
[09-Jul-2018 22:26:12 UTC] PHP Fatal error:  Uncaught exception 'PDOException' with message 'SQLSTATE[42000]: Syntax error or access violation: 1065 Query was empty' in /home/ubuntu/workspace/cst336/labs/lab5/index.php:61
Stack trace:
#0 /home/ubuntu/workspace/cst336/labs/lab5/index.php(61): PDOStatement->execute(NULL)
#1 /home/ubuntu/workspace/cst336/labs/lab5/index.php(118): displaySearchResults()
#2 {main}
  thrown in /home/ubuntu/workspace/cst336/labs/lab5/index.php on line 61
[09-Jul-2018 22:29:55 UTC] PHP Fatal error:  Call to undefined function displaySearchResults() in /home/ubuntu/workspace/cst336/labs/lab5/index.php on line 119
[09-Jul-2018 22:29:55 UTC] PHP Stack trace:
[09-Jul-2018 22:29:55 UTC] PHP   1. {main}() /home/ubuntu/workspace/cst336/labs/lab5/index.php:0
[09-Jul-2018 22:31:56 UTC] PHP Fatal error:  Uncaught exception 'PDOException' with message 'SQLSTATE[HY093]: Invalid parameter number: parameter was not defined' in /home/ubuntu/workspace/cst336/labs/lab5/index.php:61
Stack trace:
#0 /home/ubuntu/workspace/cst336/labs/lab5/index.php(61): PDOStatement->execute(Array)
#1 /home/ubuntu/workspace/cst336/labs/lab5/index.php(121): displaySearchResults()
#2 {main}
  thrown in /home/ubuntu/workspace/cst336/labs/lab5/index.php on line 61
